[09/05/2025, 09:08:26] info: Logging was started to file.
[09/05/2025, 09:08:26] info: Start application inspector initialization
[09/05/2025, 09:08:26] info: Hide developer mode UI
[09/05/2025, 09:08:26] info: Infrastructure Configurations: {"port":8000,"infrastructureAssemblyFolderPath":"C:\\Users\\papel\\AppData\\Local\\Application Inspector Analyzer","applicationResourcesFolderPath":"C:\\Users\\papel\\AppData\\Local\\Application Inspector Analyzer","scanTargetFolderPath":"c:\\Users\\papel\\site so delicias\\lanchesdeliciosos","isDebugging":false,"logLevel":{"i2_1":"Error","j2_1":5,"type":5,"key":"Settings.LogLevel.Error.Text"},"logDir":"c:\\Users\\papel\\site so delicias\\lanchesdeliciosos\\.ai\\Logs\\Infrastructure\\2025-05-09-09-08-26","tipsFoundNotificationThreshold":15,"similarIssuesFoundNotificationThreshold":15,"applicationLocalDataFolderPath":"c:\\Users\\papel\\site so delicias\\lanchesdeliciosos\\.ai"}
[09/05/2025, 09:08:26] info: Start infrastructure initialization
[09/05/2025, 09:08:28] info: Infrastructure was started
[09/05/2025, 09:08:31] info: Initialize aie integration isn't initialized
[09/05/2025, 09:08:31] info: Infrastructure was initialized
[09/05/2025, 09:08:31] info: Infrastructure Installer was deleted
[09/05/2025, 09:08:32] warn: Localization 2070 was not found for apache mod_negotiation resource location disclosure
[09/05/2025, 09:08:32] warn: Localization 2070 was not found for arbitrary directory copying
[09/05/2025, 09:08:32] warn: Localization 2070 was not found for arbitrary directory creation
[09/05/2025, 09:08:32] warn: Localization 2070 was not found for arbitrary directory deletion
[09/05/2025, 09:08:32] warn: Localization 2070 was not found for arbitrary directory listing
[09/05/2025, 09:08:32] warn: Localization 2070 was not found for arbitrary directory moving
[09/05/2025, 09:08:32] warn: Localization 2070 was not found for arbitrary file copying
[09/05/2025, 09:08:32] warn: Localization 2070 was not found for arbitrary file creation
[09/05/2025, 09:08:32] warn: Localization 2070 was not found for arbitrary file deletion
[09/05/2025, 09:08:32] warn: Localization 2070 was not found for arbitrary file modification
[09/05/2025, 09:08:32] warn: Localization 2070 was not found for arbitrary file moving
[09/05/2025, 09:08:32] warn: Localization 2070 was not found for arbitrary file reading
[09/05/2025, 09:08:32] warn: Localization 2070 was not found for cookie injection
[09/05/2025, 09:08:32] warn: Localization 2070 was not found for credentials brute-force
[09/05/2025, 09:08:32] warn: Localization 2070 was not found for cross-site request forgery
[09/05/2025, 09:08:32] warn: Localization 2070 was not found for cross-site scripting
[09/05/2025, 09:08:32] warn: Localization 2070 was not found for cursor injection
[09/05/2025, 09:08:32] warn: Localization 2070 was not found for cursor sqli
[09/05/2025, 09:08:32] warn: Localization 2070 was not found for default
[09/05/2025, 09:08:32] warn: Localization 2070 was not found for denial of service
[09/05/2025, 09:08:32] warn: Localization 2070 was not found for deserialization of untrusted data
[09/05/2025, 09:08:32] warn: Localization 2070 was not found for df
[09/05/2025, 09:08:32] warn: Localization 2070 was not found for djangoorminjection
[09/05/2025, 09:08:32] warn: Localization 2070 was not found for dll injection
[09/05/2025, 09:08:32] warn: Localization 2070 was not found for double free
[09/05/2025, 09:08:32] warn: Localization 2070 was not found for dynamic code injection
[09/05/2025, 09:08:32] warn: Localization 2070 was not found for dynamic query injection
[09/05/2025, 09:08:32] warn: Localization 2070 was not found for external control of configuration
[09/05/2025, 09:08:32] warn: Localization 2070 was not found for fingerprinting
[09/05/2025, 09:08:32] warn: Localization 2070 was not found for format string
[09/05/2025, 09:08:32] warn: Localization 2070 was not found for hardcoded password
[09/05/2025, 09:08:32] warn: Localization 2070 was not found for heap overflow
[09/05/2025, 09:08:32] warn: Localization 2070 was not found for http header injection
[09/05/2025, 09:08:32] warn: Localization 2070 was not found for http request splitting
[09/05/2025, 09:08:32] warn: Localization 2070 was not found for http response splitting
[09/05/2025, 09:08:32] warn: Localization 2070 was not found for improper access control taint
[09/05/2025, 09:08:32] warn: Localization 2070 was not found for improper resource shutdown or release
[09/05/2025, 09:08:32] warn: Localization 2070 was not found for information exposure
[09/05/2025, 09:08:32] warn: Localization 2070 was not found for injection
[09/05/2025, 09:08:32] warn: Localization 2070 was not found for insecure direct object references
[09/05/2025, 09:08:32] warn: Localization 2070 was not found for insufficient session expiration
[09/05/2025, 09:08:32] warn: Localization 2070 was not found for integer overflow
[09/05/2025, 09:08:32] warn: Localization 2070 was not found for ldap injection
[09/05/2025, 09:08:32] warn: Localization 2070 was not found for like injection
[09/05/2025, 09:08:32] warn: Localization 2070 was not found for linq injection
[09/05/2025, 09:08:32] warn: Localization 2070 was not found for local file inclusion
[09/05/2025, 09:08:32] warn: Localization 2070 was not found for log forging
[09/05/2025, 09:08:32] warn: Localization 2070 was not found for nosql injection
[09/05/2025, 09:08:32] warn: Localization 2070 was not found for null dereference
[09/05/2025, 09:08:32] warn: Localization 2070 was not found for object injection
[09/05/2025, 09:08:32] warn: Localization 2070 was not found for open redirect
[09/05/2025, 09:08:32] warn: Localization 2070 was not found for orm injection
[09/05/2025, 09:08:32] warn: Localization 2070 was not found for os commanding
[09/05/2025, 09:08:32] warn: Localization 2070 was not found for padding oracle attack
[09/05/2025, 09:08:32] warn: Localization 2070 was not found for path traversal
[09/05/2025, 09:08:32] warn: Localization 2070 was not found for persistent cookie exposing
[09/05/2025, 09:08:32] warn: Localization 2070 was not found for potential path traversal
[09/05/2025, 09:08:32] warn: Localization 2070 was not found for process control
[09/05/2025, 09:08:32] warn: Localization 2070 was not found for redos
[09/05/2025, 09:08:32] warn: Localization 2070 was not found for remote code execution
[09/05/2025, 09:08:32] warn: Localization 2070 was not found for remote file inclusion
[09/05/2025, 09:08:32] warn: Localization 2070 was not found for resource exhaustion
[09/05/2025, 09:08:32] warn: Localization 2070 was not found for resource location brute-force
[09/05/2025, 09:08:32] warn: Localization 2070 was not found for server-side request forgery
[09/05/2025, 09:08:32] warn: Localization 2070 was not found for server-side template injection
[09/05/2025, 09:08:32] warn: Localization 2070 was not found for serverfingerprinting
[09/05/2025, 09:08:32] warn: Localization 2070 was not found for session management weakness
[09/05/2025, 09:08:32] warn: Localization 2070 was not found for shellshock
[09/05/2025, 09:08:32] warn: Localization 2070 was not found for smtp header injection
[09/05/2025, 09:08:32] warn: Localization 2070 was not found for sql injection
[09/05/2025, 09:08:32] warn: Localization 2070 was not found for sqli
[09/05/2025, 09:08:32] warn: Localization 2070 was not found for stack overflow
[09/05/2025, 09:08:32] warn: Localization 2070 was not found for uaf
[09/05/2025, 09:08:32] warn: Localization 2070 was not found for uncontrolled data manipulation
[09/05/2025, 09:08:32] warn: Localization 2070 was not found for uncontrolled env var modification
[09/05/2025, 09:08:32] warn: Localization 2070 was not found for unrestricted file upload
[09/05/2025, 09:08:32] warn: Localization 2070 was not found for use after free
[09/05/2025, 09:08:32] warn: Localization 2070 was not found for webview xss taint
[09/05/2025, 09:08:32] warn: Localization 2070 was not found for xml entity expansion
[09/05/2025, 09:08:32] warn: Localization 2070 was not found for xml external entity
[09/05/2025, 09:08:32] warn: Localization 2070 was not found for xpath injection
[09/05/2025, 09:08:32] warn: Localization 2070 was not found for xquery injection
[09/05/2025, 09:08:32] warn: Localization 2070 was not found for 100
[09/05/2025, 09:08:32] warn: Localization 2070 was not found for 101
[09/05/2025, 09:08:32] warn: Localization 2070 was not found for 102
[09/05/2025, 09:08:32] warn: Localization 2070 was not found for 103
[09/05/2025, 09:08:32] warn: Localization 2070 was not found for 104
[09/05/2025, 09:08:32] warn: Localization 2070 was not found for 105
[09/05/2025, 09:08:32] warn: Localization 2070 was not found for 107
[09/05/2025, 09:08:32] warn: Localization 2070 was not found for 108
[09/05/2025, 09:08:32] warn: Localization 2070 was not found for 109
[09/05/2025, 09:08:32] warn: Localization 2070 was not found for 111
[09/05/2025, 09:08:32] warn: Localization 2070 was not found for 113
[09/05/2025, 09:08:32] warn: Localization 2070 was not found for 114
[09/05/2025, 09:08:32] warn: Localization 2070 was not found for 116
[09/05/2025, 09:08:32] warn: Localization 2070 was not found for 117
[09/05/2025, 09:08:32] warn: Localization 2070 was not found for 118
[09/05/2025, 09:08:32] warn: Localization 2070 was not found for 120
[09/05/2025, 09:08:32] warn: Localization 2070 was not found for 122
[09/05/2025, 09:08:32] warn: Localization 2070 was not found for 123
[09/05/2025, 09:08:32] warn: Localization 2070 was not found for 124
[09/05/2025, 09:08:32] warn: Localization 2070 was not found for 125
[09/05/2025, 09:08:32] warn: Localization 2070 was not found for 127
[09/05/2025, 09:08:32] warn: Localization 2070 was not found for 128
[09/05/2025, 09:08:32] warn: Localization 2070 was not found for 129
[09/05/2025, 09:08:32] warn: Localization 2070 was not found for 130
[09/05/2025, 09:08:32] warn: Localization 2070 was not found for 135
[09/05/2025, 09:08:32] warn: Localization 2070 was not found for 138
[09/05/2025, 09:08:32] warn: Localization 2070 was not found for 139
[09/05/2025, 09:08:32] warn: Localization 2070 was not found for 140
[09/05/2025, 09:08:32] warn: Localization 2070 was not found for 141
[09/05/2025, 09:08:32] warn: Localization 2070 was not found for 142
[09/05/2025, 09:08:32] warn: Localization 2070 was not found for 144
[09/05/2025, 09:08:32] warn: Localization 2070 was not found for 145
[09/05/2025, 09:08:32] warn: Localization 2070 was not found for 146
[09/05/2025, 09:08:32] warn: Localization 2070 was not found for 147
[09/05/2025, 09:08:32] warn: Localization 2070 was not found for 148
[09/05/2025, 09:08:32] warn: Localization 2070 was not found for 149
[09/05/2025, 09:08:32] warn: Localization 2070 was not found for 150
[09/05/2025, 09:08:32] warn: Localization 2070 was not found for 151
[09/05/2025, 09:08:32] warn: Localization 2070 was not found for 152
[09/05/2025, 09:08:32] warn: Localization 2070 was not found for 153
[09/05/2025, 09:08:32] warn: Localization 2070 was not found for 154
[09/05/2025, 09:08:32] warn: Localization 2070 was not found for 156
[09/05/2025, 09:08:32] warn: Localization 2070 was not found for 157
[09/05/2025, 09:08:32] warn: Localization 2070 was not found for 158
[09/05/2025, 09:08:32] warn: Localization 2070 was not found for 159
[09/05/2025, 09:08:32] warn: Localization 2070 was not found for 160
[09/05/2025, 09:08:32] warn: Localization 2070 was not found for 161
[09/05/2025, 09:08:32] warn: Localization 2070 was not found for 162
[09/05/2025, 09:08:32] warn: Localization 2070 was not found for 163
[09/05/2025, 09:08:32] warn: Localization 2070 was not found for 164
[09/05/2025, 09:08:32] warn: Localization 2070 was not found for 165
[09/05/2025, 09:08:32] warn: Localization 2070 was not found for 200
[09/05/2025, 09:08:32] warn: Localization 2070 was not found for 24544
[09/05/2025, 09:08:32] warn: Localization 2070 was not found for 24545
[09/05/2025, 09:08:32] warn: Localization 2070 was not found for 24546
[09/05/2025, 09:08:32] warn: Localization 2070 was not found for 24547
[09/05/2025, 09:08:32] warn: Localization 2070 was not found for 24548
[09/05/2025, 09:08:32] warn: Localization 2070 was not found for 24549
[09/05/2025, 09:08:32] warn: Localization 2070 was not found for 24550
[09/05/2025, 09:08:32] warn: Localization 2070 was not found for 24551
[09/05/2025, 09:08:32] warn: Localization 2070 was not found for 24552
[09/05/2025, 09:08:32] warn: Localization 2070 was not found for 24553
[09/05/2025, 09:08:32] warn: Localization 2070 was not found for 24554
[09/05/2025, 09:08:32] warn: Localization 2070 was not found for 24555
[09/05/2025, 09:08:32] warn: Localization 2070 was not found for 24556
[09/05/2025, 09:08:32] warn: Localization 2070 was not found for 24557
[09/05/2025, 09:08:32] warn: Localization 2070 was not found for 24558
[09/05/2025, 09:08:32] warn: Localization 2070 was not found for 24559
[09/05/2025, 09:08:32] warn: Localization 2070 was not found for 24560
[09/05/2025, 09:08:32] warn: Localization 2070 was not found for 24561
[09/05/2025, 09:08:32] warn: Localization 2070 was not found for 24562
[09/05/2025, 09:08:32] warn: Localization 2070 was not found for 24563
[09/05/2025, 09:08:32] warn: Localization 2070 was not found for 24564
[09/05/2025, 09:08:32] warn: Localization 2070 was not found for 24565
[09/05/2025, 09:08:32] warn: Localization 2070 was not found for 24566
[09/05/2025, 09:08:32] warn: Localization 2070 was not found for 24567
[09/05/2025, 09:08:32] warn: Localization 2070 was not found for 24568
[09/05/2025, 09:08:32] warn: Localization 2070 was not found for 305
[09/05/2025, 09:08:32] warn: Localization 2070 was not found for 96
[09/05/2025, 09:08:32] warn: Localization 2070 was not found for 97
[09/05/2025, 09:08:32] warn: Localization 2070 was not found for 98
[09/05/2025, 09:08:32] warn: Localization 2070 was not found for 99
[09/05/2025, 09:08:32] warn: Localization 2070 was not found for attributes code inside addeventlistener
[09/05/2025, 09:08:32] warn: Localization 2070 was not found for attributes code inside attachevent
[09/05/2025, 09:08:32] warn: Localization 2070 was not found for attributes code inside createattribute
[09/05/2025, 09:08:32] warn: Localization 2070 was not found for attributes code inside element event
[09/05/2025, 09:08:32] warn: Localization 2070 was not found for attributes code inside setattribute
[09/05/2025, 09:08:32] warn: Localization 2070 was not found for attributes code inside setattributens
[09/05/2025, 09:08:32] warn: Localization 2070 was not found for buffer overflow
[09/05/2025, 09:08:32] warn: Localization 2070 was not found for buffer overflow in python
[09/05/2025, 09:08:32] warn: Localization 2070 was not found for buffer overflow pm
[09/05/2025, 09:08:32] warn: Localization 2070 was not found for class defines clone but not implement cloneable
[09/05/2025, 09:08:32] warn: Localization 2070 was not found for csrf protection disabled
[09/05/2025, 09:08:32] warn: Localization 2070 was not found for cursor snarfing plsql
[09/05/2025, 09:08:32] warn: Localization 2070 was not found for cursor snarfing tsql
[09/05/2025, 09:08:32] warn: Localization 2070 was not found for dangerous function plsql
[09/05/2025, 09:08:32] warn: Localization 2070 was not found for dangerous function tsql
[09/05/2025, 09:08:32] warn: Localization 2070 was not found for debug information leakage
[09/05/2025, 09:08:32] warn: Localization 2070 was not found for debug mode python
[09/05/2025, 09:08:32] warn: Localization 2070 was not found for deprecated functions objc
[09/05/2025, 09:08:32] warn: Localization 2070 was not found for deserialization of untrusted data pm
[09/05/2025, 09:08:32] warn: Localization 2070 was not found for deserialization of untrusted data pm python
[09/05/2025, 09:08:32] warn: Localization 2070 was not found for detection of error condition without action
[09/05/2025, 09:08:32] warn: Localization 2070 was not found for direct use of threads
[09/05/2025, 09:08:32] warn: Localization 2070 was not found for directorytraversalcreatereadstream
[09/05/2025, 09:08:32] warn: Localization 2070 was not found for directorytraversalreadfile
[09/05/2025, 09:08:32] warn: Localization 2070 was not found for disabling ssl certificate checks
[09/05/2025, 09:08:32] warn: Localization 2070 was not found for disabling ssl certificate checks c
[09/05/2025, 09:08:32] warn: Localization 2070 was not found for disabling ssl-tls certificate checks go
[09/05/2025, 09:08:32] warn: Localization 2070 was not found for divide by zero
[09/05/2025, 09:08:32] warn: Localization 2070 was not found for dom modification contextual fragment
[09/05/2025, 09:08:32] warn: Localization 2070 was not found for dom modification html tag
[09/05/2025, 09:08:32] warn: Localization 2070 was not found for dom modification selected position
[09/05/2025, 09:08:32] warn: Localization 2070 was not found for dom modification string inside document
[09/05/2025, 09:08:32] warn: Localization 2070 was not found for download of code without integrity check
[09/05/2025, 09:08:32] warn: Localization 2070 was not found for embedded malicious code
[09/05/2025, 09:08:32] warn: Localization 2070 was not found for empty default exception handler
[09/05/2025, 09:08:32] warn: Localization 2070 was not found for erroneous null comparison
[09/05/2025, 09:08:32] warn: Localization 2070 was not found for exposure of data element to wrong session
[09/05/2025, 09:08:32] warn: Localization 2070 was not found for exposure of system data to an unauthorized control sphere
[09/05/2025, 09:08:32] warn: Localization 2070 was not found for external control of file name or path
[09/05/2025, 09:08:32] warn: Localization 2070 was not found for file snarfing plsql
[09/05/2025, 09:08:32] warn: Localization 2070 was not found for format string pm
[09/05/2025, 09:08:32] warn: Localization 2070 was not found for forwarding via location
[09/05/2025, 09:08:32] warn: Localization 2070 was not found for forwarding via location function
[09/05/2025, 09:08:32] warn: Localization 2070 was not found for forwarding via opening new tab
[09/05/2025, 09:08:32] warn: Localization 2070 was not found for ftpusage
[09/05/2025, 09:08:32] warn: Localization 2070 was not found for go weak cryptographic hash
[09/05/2025, 09:08:32] warn: Localization 2070 was not found for hardcoded initialization vector
[09/05/2025, 09:08:32] warn: Localization 2070 was not found for hardcoded key
[09/05/2025, 09:08:32] warn: Localization 2070 was not found for hardcoded password kotlin
[09/05/2025, 09:08:32] warn: Localization 2070 was not found for hardcoded password pm
[09/05/2025, 09:08:32] warn: Localization 2070 was not found for hardcoded pbkdf password
[09/05/2025, 09:08:32] warn: Localization 2070 was not found for headerinjection
[09/05/2025, 09:08:32] warn: Localization 2070 was not found for improper access control
[09/05/2025, 09:08:32] warn: Localization 2070 was not found for improper access control c
[09/05/2025, 09:08:32] warn: Localization 2070 was not found for improper certificate validation
[09/05/2025, 09:08:32] warn: Localization 2070 was not found for improper check for unusual or exceptional conditions
[09/05/2025, 09:08:32] warn: Localization 2070 was not found for improperly implemented security check for standard
[09/05/2025, 09:08:32] warn: Localization 2070 was not found for include interface ssl
[09/05/2025, 09:08:32] warn: Localization 2070 was not found for incorrect permission assignment for critical resource
[09/05/2025, 09:08:32] warn: Localization 2070 was not found for incorrect permission assignment for critical resource 1
[09/05/2025, 09:08:32] warn: Localization 2070 was not found for incorrect permission assignment for critical resource go
[09/05/2025, 09:08:32] warn: Localization 2070 was not found for incorrect permission assignment for critical resource java
[09/05/2025, 09:08:32] warn: Localization 2070 was not found for incorrect unix api using
[09/05/2025, 09:08:32] warn: Localization 2070 was not found for incorrect usage of seeds in pseudo-random number generator
[09/05/2025, 09:08:32] warn: Localization 2070 was not found for incorrectpermissionassignmentphp
[09/05/2025, 09:08:32] warn: Localization 2070 was not found for information exposure pm
[09/05/2025, 09:08:32] warn: Localization 2070 was not found for information exposure through an error message
[09/05/2025, 09:08:32] warn: Localization 2070 was not found for information exposure through comments
[09/05/2025, 09:08:32] warn: Localization 2070 was not found for information exposure through persistent cookies
[09/05/2025, 09:08:32] warn: Localization 2070 was not found for information exposure through persistent cookies 1
[09/05/2025, 09:08:32] warn: Localization 2070 was not found for information exposure through static content
[09/05/2025, 09:08:32] warn: Localization 2070 was not found for informationexposureviaexception
[09/05/2025, 09:08:32] warn: Localization 2070 was not found for insecure cipher key export
[09/05/2025, 09:08:32] warn: Localization 2070 was not found for insecure connection protocol
[09/05/2025, 09:08:32] warn: Localization 2070 was not found for insecure cookie 1
[09/05/2025, 09:08:32] warn: Localization 2070 was not found for insecure cookie 2
[09/05/2025, 09:08:32] warn: Localization 2070 was not found for insecure cookie scope
[09/05/2025, 09:08:32] warn: Localization 2070 was not found for insecure data storage
[09/05/2025, 09:08:32] warn: Localization 2070 was not found for insecure data storage objc simple
[09/05/2025, 09:08:32] warn: Localization 2070 was not found for insecure network binding
[09/05/2025, 09:08:32] warn: Localization 2070 was not found for insecure randomness ojbc
[09/05/2025, 09:08:32] warn: Localization 2070 was not found for insecure randomness plsql
[09/05/2025, 09:08:32] warn: Localization 2070 was not found for insecure randomness tsql
[09/05/2025, 09:08:32] warn: Localization 2070 was not found for insecure rsa padding
[09/05/2025, 09:08:32] warn: Localization 2070 was not found for insecure rsa padding 1
[09/05/2025, 09:08:32] warn: Localization 2070 was not found for insecure ssl connection
[09/05/2025, 09:08:32] warn: Localization 2070 was not found for insecure ssl connection 1
[09/05/2025, 09:08:32] warn: Localization 2070 was not found for insecure ssl protocol
[09/05/2025, 09:08:32] warn: Localization 2070 was not found for insecure transport java
[09/05/2025, 09:08:32] warn: Localization 2070 was not found for insecure usage of jinja templates
[09/05/2025, 09:08:32] warn: Localization 2070 was not found for insecure usage of mako templates
[09/05/2025, 09:08:32] warn: Localization 2070 was not found for insecure validation functions
[09/05/2025, 09:08:32] warn: Localization 2070 was not found for insecure validation functions 1
[09/05/2025, 09:08:32] warn: Localization 2070 was not found for insecure work with temporary files
[09/05/2025, 09:08:32] warn: Localization 2070 was not found for insecureevalpython
[09/05/2025, 09:08:32] warn: Localization 2070 was not found for insufficient cors policy
[09/05/2025, 09:08:32] warn: Localization 2070 was not found for insufficient encryption key length
[09/05/2025, 09:08:32] warn: Localization 2070 was not found for insufficient encryption key length 1
[09/05/2025, 09:08:32] warn: Localization 2070 was not found for insufficient key size go
[09/05/2025, 09:08:32] warn: Localization 2070 was not found for insufficient logging&monitoring
[09/05/2025, 09:08:32] warn: Localization 2070 was not found for insufficient session expiration pm
[09/05/2025, 09:08:32] warn: Localization 2070 was not found for insufficientencryptionkeylength
[09/05/2025, 09:08:32] warn: Localization 2070 was not found for integer overflow pm
[09/05/2025, 09:08:32] warn: Localization 2070 was not found for jquery function that adds element
[09/05/2025, 09:08:32] warn: Localization 2070 was not found for jquery function that replaces element
[09/05/2025, 09:08:32] warn: Localization 2070 was not found for jquery html inside dom
[09/05/2025, 09:08:32] warn: Localization 2070 was not found for jquery unsafe functions for dom
[09/05/2025, 09:08:32] warn: Localization 2070 was not found for jquery wrap element to html
[09/05/2025, 09:08:32] warn: Localization 2070 was not found for json-test
[09/05/2025, 09:08:32] warn: Localization 2070 was not found for lack of the host key verification go
[09/05/2025, 09:08:32] warn: Localization 2070 was not found for least privilege violation
[09/05/2025, 09:08:32] warn: Localization 2070 was not found for leftover debug code
[09/05/2025, 09:08:32] warn: Localization 2070 was not found for marksafepython
[09/05/2025, 09:08:32] warn: Localization 2070 was not found for memory leak
[09/05/2025, 09:08:32] warn: Localization 2070 was not found for method without super clone
[09/05/2025, 09:08:32] warn: Localization 2070 was not found for method without super finalize
[09/05/2025, 09:08:32] warn: Localization 2070 was not found for missing auth localized reason
[09/05/2025, 09:08:32] warn: Localization 2070 was not found for missing encryption of sensitive data
[09/05/2025, 09:08:32] warn: Localization 2070 was not found for none
[09/05/2025, 09:08:32] warn: Localization 2070 was not found for notlsreject
[09/05/2025, 09:08:32] warn: Localization 2070 was not found for nslog using
[09/05/2025, 09:08:32] warn: Localization 2070 was not found for null dereference pattern
[09/05/2025, 09:08:32] warn: Localization 2070 was not found for null pbkdf password
[09/05/2025, 09:08:32] warn: Localization 2070 was not found for obsolete function
[09/05/2025, 09:08:32] warn: Localization 2070 was not found for openredirect
[09/05/2025, 09:08:32] warn: Localization 2070 was not found for overly broad grant
[09/05/2025, 09:08:32] warn: Localization 2070 was not found for override equals method without hashcode
[09/05/2025, 09:08:32] warn: Localization 2070 was not found for pattern matching
[09/05/2025, 09:08:32] warn: Localization 2070 was not found for php pm sensitive cookie in https session without ‘secure’ attribute
[09/05/2025, 09:08:32] warn: Localization 2070 was not found for plaintext storage of a password
[09/05/2025, 09:08:32] warn: Localization 2070 was not found for plaintext storage of a password 1
[09/05/2025, 09:08:32] warn: Localization 2070 was not found for play 1 html xss
[09/05/2025, 09:08:32] warn: Localization 2070 was not found for play 2 html xss
[09/05/2025, 09:08:32] warn: Localization 2070 was not found for poor logging practice logger
[09/05/2025, 09:08:32] warn: Localization 2070 was not found for poor logging practice system
[09/05/2025, 09:08:32] warn: Localization 2070 was not found for possible rce through sql injection
[09/05/2025, 09:08:32] warn: Localization 2070 was not found for private array typed field returned from a public method
[09/05/2025, 09:08:32] warn: Localization 2070 was not found for public data assigned to private array typed field
[09/05/2025, 09:08:32] warn: Localization 2070 was not found for python weak cryptographic hash
[09/05/2025, 09:08:32] warn: Localization 2070 was not found for python2input
[09/05/2025, 09:08:32] warn: Localization 2070 was not found for pythonassertion
[09/05/2025, 09:08:32] warn: Localization 2070 was not found for reflectedcrosssitescripting
[09/05/2025, 09:08:32] warn: Localization 2070 was not found for reliance on dns lookups in a security decision
[09/05/2025, 09:08:32] warn: Localization 2070 was not found for return of stack variable address
[09/05/2025, 09:08:32] warn: Localization 2070 was not found for reversible one way hash
[09/05/2025, 09:08:32] warn: Localization 2070 was not found for sensitive cookie in https session without ‘secure’ attribute
[09/05/2025, 09:08:32] warn: Localization 2070 was not found for sensitive cookie in https session without httponly attribute
[09/05/2025, 09:08:32] warn: Localization 2070 was not found for sensitive cookie in https session without secure attribute
[09/05/2025, 09:08:32] warn: Localization 2070 was not found for serversideinjectioneval
[09/05/2025, 09:08:32] warn: Localization 2070 was not found for serversideinjectionfunction
[09/05/2025, 09:08:32] warn: Localization 2070 was not found for serversideinjectionsetinterval
[09/05/2025, 09:08:32] warn: Localization 2070 was not found for serversideinjectionsettimeout
[09/05/2025, 09:08:32] warn: Localization 2070 was not found for serversideinjectionyaml
[09/05/2025, 09:08:32] warn: Localization 2070 was not found for ssl configuration flaws
[09/05/2025, 09:08:32] warn: Localization 2070 was not found for static random number generator
[09/05/2025, 09:08:32] warn: Localization 2070 was not found for time of check time of use race condition
[09/05/2025, 09:08:32] warn: Localization 2070 was not found for trust boundary violation
[09/05/2025, 09:08:32] warn: Localization 2070 was not found for type confusion
[09/05/2025, 09:08:32] warn: Localization 2070 was not found for uncontrolled memory allocation
[09/05/2025, 09:08:32] warn: Localization 2070 was not found for uncontrolled recursion
[09/05/2025, 09:08:32] warn: Localization 2070 was not found for unreachable code
[09/05/2025, 09:08:32] warn: Localization 2070 was not found for unsafe cross-origin resource sharing
[09/05/2025, 09:08:32] warn: Localization 2070 was not found for unsafe reflection
[09/05/2025, 09:08:32] warn: Localization 2070 was not found for unsalted one way hash
[09/05/2025, 09:08:32] warn: Localization 2070 was not found for unsalted one way hash 1
[09/05/2025, 09:08:32] warn: Localization 2070 was not found for unsaltedonewayhash
[09/05/2025, 09:08:32] warn: Localization 2070 was not found for unused var
[09/05/2025, 09:08:32] warn: Localization 2070 was not found for urllibusagepython
[09/05/2025, 09:08:32] warn: Localization 2070 was not found for use broken crypto
[09/05/2025, 09:08:32] warn: Localization 2070 was not found for use of a broken or risky cryptographic algorithm
[09/05/2025, 09:08:32] warn: Localization 2070 was not found for use of a broken or risky cryptographic algorithm 1
[09/05/2025, 09:08:32] warn: Localization 2070 was not found for use of a broken or risky cryptographic algorithm 2
[09/05/2025, 09:08:32] warn: Localization 2070 was not found for use of a broken or risky cryptographic algorithm 3
[09/05/2025, 09:08:32] warn: Localization 2070 was not found for use of a broken or risky cryptographic algorithm 4
[09/05/2025, 09:08:32] warn: Localization 2070 was not found for use of a broken or risky cryptographic algorithm 5
[09/05/2025, 09:08:32] warn: Localization 2070 was not found for use of a broken or risky cryptographic algorithm 6
[09/05/2025, 09:08:32] warn: Localization 2070 was not found for use of a broken or risky cryptographic algorithm go
[09/05/2025, 09:08:32] warn: Localization 2070 was not found for use of function with inconsistent implementations
[09/05/2025, 09:08:32] warn: Localization 2070 was not found for use of hardcoded cryptographic key
[09/05/2025, 09:08:32] warn: Localization 2070 was not found for use of insufficiently random values
[09/05/2025, 09:08:32] warn: Localization 2070 was not found for use of insufficiently random values 1
[09/05/2025, 09:08:32] warn: Localization 2070 was not found for use of insufficiently random values 2
[09/05/2025, 09:08:32] warn: Localization 2070 was not found for use of nullpointerexception catch
[09/05/2025, 09:08:32] warn: Localization 2070 was not found for use of obsolete function 1
[09/05/2025, 09:08:32] warn: Localization 2070 was not found for use of system exit
[09/05/2025, 09:08:32] warn: Localization 2070 was not found for use of uninitialized variable
[09/05/2025, 09:08:32] warn: Localization 2070 was not found for user driven insecure hash algorithm
[09/05/2025, 09:08:32] warn: Localization 2070 was not found for user driven insecure hash algorithm 1
[09/05/2025, 09:08:32] warn: Localization 2070 was not found for vulnerable template module
[09/05/2025, 09:08:32] warn: Localization 2070 was not found for weak crypto api objc
[09/05/2025, 09:08:32] warn: Localization 2070 was not found for weak crypto hash api objc
[09/05/2025, 09:08:32] warn: Localization 2070 was not found for weak crypto iv objc
[09/05/2025, 09:08:32] warn: Localization 2070 was not found for weak crypto key objc
[09/05/2025, 09:08:32] warn: Localization 2070 was not found for weak cryptographic algorithm 1
[09/05/2025, 09:08:32] warn: Localization 2070 was not found for weak cryptographic hash
[09/05/2025, 09:08:32] warn: Localization 2070 was not found for weak cryptographic hash plsql
[09/05/2025, 09:08:32] warn: Localization 2070 was not found for weak cryptographic hash tsql
[09/05/2025, 09:08:32] warn: Localization 2070 was not found for weak hmac key objc
[09/05/2025, 09:08:32] warn: Localization 2070 was not found for weak password requirements
[09/05/2025, 09:08:32] warn: Localization 2070 was not found for weak pbkdf salt
[09/05/2025, 09:08:32] warn: Localization 2070 was not found for weak rsa objc
[09/05/2025, 09:08:32] warn: Localization 2070 was not found for weakhashcrypto
[09/05/2025, 09:08:32] warn: Localization 2070 was not found for weakhashcryptojs
[09/05/2025, 09:08:32] warn: Localization 2070 was not found for webforms validaterequest
[09/05/2025, 09:08:32] warn: Localization 2070 was not found for webview xss
[09/05/2025, 09:08:32] warn: Localization 2070 was not found for xml external entity pm
[09/05/2025, 09:08:32] warn: Localization 2070 was not found for xss protection disabled
[09/05/2025, 09:08:32] warn: Localization 2070 was not found for yaml load
[09/05/2025, 09:08:32] warn: Localization 2070 was not found for .htaccess addhandler
[09/05/2025, 09:08:32] warn: Localization 2070 was not found for .htaccess addtype
[09/05/2025, 09:08:32] warn: Localization 2070 was not found for .htaccess options
[09/05/2025, 09:08:32] warn: Localization 2070 was not found for .htaccess php_value
[09/05/2025, 09:08:32] warn: Localization 2070 was not found for .htaccess serversignature
[09/05/2025, 09:08:32] warn: Localization 2070 was not found for android_manifest.xml @android:allowbackup
[09/05/2025, 09:08:32] warn: Localization 2070 was not found for android_manifest.xml @android:debuggable
[09/05/2025, 09:08:32] warn: Localization 2070 was not found for android_manifest.xml @android:exported
[09/05/2025, 09:08:32] warn: Localization 2070 was not found for android_manifest.xml @android:exported[provider]
[09/05/2025, 09:08:32] warn: Localization 2070 was not found for android_manifest.xml @android:protectionlevel
[09/05/2025, 09:08:32] warn: Localization 2070 was not found for android_manifest.xml @android:scheme
[09/05/2025, 09:08:32] warn: Localization 2070 was not found for android_networksecurityconfig.xml @src
[09/05/2025, 09:08:32] warn: Localization 2070 was not found for apache.conf addhandler
[09/05/2025, 09:08:32] warn: Localization 2070 was not found for apache.conf addtype
[09/05/2025, 09:08:32] warn: Localization 2070 was not found for apache.conf loadmodule
[09/05/2025, 09:08:32] warn: Localization 2070 was not found for apache.conf options
[09/05/2025, 09:08:32] warn: Localization 2070 was not found for apache.conf php_value
[09/05/2025, 09:08:32] warn: Localization 2070 was not found for apache.conf serversignature
[09/05/2025, 09:08:32] warn: Localization 2070 was not found for apache.conf servertokens
[09/05/2025, 09:08:32] warn: Localization 2070 was not found for apache.conf traceenable
[09/05/2025, 09:08:32] warn: Localization 2070 was not found for applicationhost.config @accesspolicy
[09/05/2025, 09:08:32] warn: Localization 2070 was not found for applicationhost.config @notlistedisapisallowed
[09/05/2025, 09:08:32] warn: Localization 2070 was not found for applicationhost.config @username
[09/05/2025, 09:08:32] warn: Localization 2070 was not found for conf arbitrary file upload file_uploads
[09/05/2025, 09:08:32] warn: Localization 2070 was not found for conf cross site scripting vulnerability http-only
[09/05/2025, 09:08:32] warn: Localization 2070 was not found for conf cross site scripting vulnerability httponlycookies
[09/05/2025, 09:08:32] warn: Localization 2070 was not found for conf cross site scripting vulnerability register_globals
[09/05/2025, 09:08:32] warn: Localization 2070 was not found for conf cross site scripting vulnerability session.cookie_httponly
[09/05/2025, 09:08:32] warn: Localization 2070 was not found for conf cross site scripting vulnerability traceenable
[09/05/2025, 09:08:32] warn: Localization 2070 was not found for conf cross site scripting vulnerability validaterequest
[09/05/2025, 09:08:32] warn: Localization 2070 was not found for conf denial of service loadmodule security2_module
[09/05/2025, 09:08:32] warn: Localization 2070 was not found for conf denial of service max_execution_time
[09/05/2025, 09:08:32] warn: Localization 2070 was not found for conf denial of service max_input_nesting_level
[09/05/2025, 09:08:32] warn: Localization 2070 was not found for conf denial of service max_input_time
[09/05/2025, 09:08:32] warn: Localization 2070 was not found for conf denial of service memory_limit
[09/05/2025, 09:08:32] warn: Localization 2070 was not found for conf denial of service post_max_size
[09/05/2025, 09:08:32] warn: Localization 2070 was not found for conf denial of service upload_max_filesize
[09/05/2025, 09:08:32] warn: Localization 2070 was not found for conf directory indexing autoindex
[09/05/2025, 09:08:32] warn: Localization 2070 was not found for conf directory indexing loadmodule autoindex_module
[09/05/2025, 09:08:32] warn: Localization 2070 was not found for conf directory indexing options
[09/05/2025, 09:08:32] warn: Localization 2070 was not found for conf directory indexing ssi
[09/05/2025, 09:08:32] warn: Localization 2070 was not found for conf information leakage curl.cainfo
[09/05/2025, 09:08:32] warn: Localization 2070 was not found for conf information leakage debug
[09/05/2025, 09:08:32] warn: Localization 2070 was not found for conf information leakage display_errors
[09/05/2025, 09:08:32] warn: Localization 2070 was not found for conf information leakage display_startup_errors
[09/05/2025, 09:08:32] warn: Localization 2070 was not found for conf information leakage error-code
[09/05/2025, 09:08:32] warn: Localization 2070 was not found for conf information leakage errordocument
[09/05/2025, 09:08:32] warn: Localization 2070 was not found for conf information leakage expose_php
[09/05/2025, 09:08:32] warn: Localization 2070 was not found for conf information leakage loadmodule include_module
[09/05/2025, 09:08:32] warn: Localization 2070 was not found for conf information leakage loadmodule info_module
[09/05/2025, 09:08:32] warn: Localization 2070 was not found for conf information leakage loadmodule negotiation_module
[09/05/2025, 09:08:32] warn: Localization 2070 was not found for conf information leakage mode
[09/05/2025, 09:08:32] warn: Localization 2070 was not found for conf information leakage param-name
[09/05/2025, 09:08:32] warn: Localization 2070 was not found for conf information leakage param-name-xsrf
[09/05/2025, 09:08:32] warn: Localization 2070 was not found for conf information leakage request_order
[09/05/2025, 09:08:32] warn: Localization 2070 was not found for conf information leakage server_tokens
[09/05/2025, 09:08:32] warn: Localization 2070 was not found for conf information leakage serversignature
[09/05/2025, 09:08:32] warn: Localization 2070 was not found for conf information leakage servertokens
[09/05/2025, 09:08:32] warn: Localization 2070 was not found for conf information leakage statuscode
[09/05/2025, 09:08:32] warn: Localization 2070 was not found for conf information leakage value
[09/05/2025, 09:08:32] warn: Localization 2070 was not found for conf insufficient authentication enableviewstatemac
[09/05/2025, 09:08:32] warn: Localization 2070 was not found for conf insufficient session expiration session-timeout
[09/05/2025, 09:08:32] warn: Localization 2070 was not found for conf insufficient transport layer protection requiressl
[09/05/2025, 09:08:32] warn: Localization 2070 was not found for conf insufficient transport layer protection secure
[09/05/2025, 09:08:32] warn: Localization 2070 was not found for conf insufficient transport layer protection transport-guarantee
[09/05/2025, 09:08:32] warn: Localization 2070 was not found for conf obsolete option safe_mode
[09/05/2025, 09:08:32] warn: Localization 2070 was not found for conf obsolete option safe_mode_exec_dir
[09/05/2025, 09:08:32] warn: Localization 2070 was not found for conf obsolete option safe_mode_gid
[09/05/2025, 09:08:32] warn: Localization 2070 was not found for conf obsolete option safe_mode_include_dir
[09/05/2025, 09:08:32] warn: Localization 2070 was not found for conf path traversal vulnerability open_basedir
[09/05/2025, 09:08:32] warn: Localization 2070 was not found for conf remote code execution addhandler
[09/05/2025, 09:08:32] warn: Localization 2070 was not found for conf remote code execution addtype
[09/05/2025, 09:08:32] warn: Localization 2070 was not found for conf remote code execution assert.active
[09/05/2025, 09:08:32] warn: Localization 2070 was not found for conf remote code execution auto_append_file
[09/05/2025, 09:08:32] warn: Localization 2070 was not found for conf remote code execution auto_prepend_file
[09/05/2025, 09:08:32] warn: Localization 2070 was not found for conf remote code execution enable_dl
[09/05/2025, 09:08:32] warn: Localization 2070 was not found for conf remote code execution php_value
[09/05/2025, 09:08:32] warn: Localization 2070 was not found for conf remote command execution disable_functions
[09/05/2025, 09:08:32] warn: Localization 2070 was not found for conf remote command execution http-method
[09/05/2025, 09:08:32] warn: Localization 2070 was not found for conf remote command execution loadmodule cgi_module
[09/05/2025, 09:08:32] warn: Localization 2070 was not found for conf remote file inclusion allow_url_fopen
[09/05/2025, 09:08:32] warn: Localization 2070 was not found for conf remote file inclusion allow_url_include
[09/05/2025, 09:08:32] warn: Localization 2070 was not found for conf remote file inclusion cgi.fix_pathinfo
[09/05/2025, 09:08:32] warn: Localization 2070 was not found for conf response splitting enableheaderchecking
[09/05/2025, 09:08:32] warn: Localization 2070 was not found for conf response splitting useunsafeheaderparsing
[09/05/2025, 09:08:32] warn: Localization 2070 was not found for conf session hijacking log_errors
[09/05/2025, 09:08:32] warn: Localization 2070 was not found for conf session hijacking session.cookie_lifetime
[09/05/2025, 09:08:32] warn: Localization 2070 was not found for conf session hijacking session.cookie_secure
[09/05/2025, 09:08:32] warn: Localization 2070 was not found for conf session hijacking session.referer_check
[09/05/2025, 09:08:32] warn: Localization 2070 was not found for conf session hijacking session.save_path
[09/05/2025, 09:08:32] warn: Localization 2070 was not found for conf session hijacking session.use_cookies
[09/05/2025, 09:08:32] warn: Localization 2070 was not found for conf session hijacking session.use_only_cookies
[09/05/2025, 09:08:32] warn: Localization 2070 was not found for conf session hijacking session.use_strict_mode
[09/05/2025, 09:08:32] warn: Localization 2070 was not found for conf session hijacking ssl
[09/05/2025, 09:08:32] warn: Localization 2070 was not found for conf session hijacking ssl_certificate
[09/05/2025, 09:08:32] warn: Localization 2070 was not found for conf session hijacking ssl_certificate_key
[09/05/2025, 09:08:32] warn: Localization 2070 was not found for conf session hijacking ssl_ciphers
[09/05/2025, 09:08:32] warn: Localization 2070 was not found for conf session hijacking ssl_dhparam
[09/05/2025, 09:08:32] warn: Localization 2070 was not found for conf session hijacking ssl_prefer_server_ciphers
[09/05/2025, 09:08:32] warn: Localization 2070 was not found for conf session hijacking ssl_protocols
[09/05/2025, 09:08:32] warn: Localization 2070 was not found for conf session hijacking ssl_session_cache
[09/05/2025, 09:08:32] warn: Localization 2070 was not found for conf session hijacking ssl_session_timeout
[09/05/2025, 09:08:32] warn: Localization 2070 was not found for conf session hijacking ssl_stapling
[09/05/2025, 09:08:32] warn: Localization 2070 was not found for conf session hijacking tracking-mode
[09/05/2025, 09:08:32] warn: Localization 2070 was not found for conf sql injection magic_quotes_gpc
[09/05/2025, 09:08:32] warn: Localization 2070 was not found for conf sql injection magic_quotes_runtime
[09/05/2025, 09:08:32] warn: Localization 2070 was not found for conf sql injection magic_quotes_sybase
[09/05/2025, 09:08:32] warn: Localization 2070 was not found for domain.xml @audit-enabled
[09/05/2025, 09:08:32] warn: Localization 2070 was not found for domain.xml @port
[09/05/2025, 09:08:32] warn: Localization 2070 was not found for domain.xml @value
[09/05/2025, 09:08:32] warn: Localization 2070 was not found for domain.xml @xpowered-by
[09/05/2025, 09:08:32] warn: Localization 2070 was not found for domain.xml jvm-options
[09/05/2025, 09:08:32] warn: Localization 2070 was not found for ios_info.plist cfbundleurltypes
[09/05/2025, 09:08:32] warn: Localization 2070 was not found for ios_info.plist nsexceptionallowsinsecurehttploads
[09/05/2025, 09:08:32] warn: Localization 2070 was not found for ios_info.plist nsexceptionminimumtlsversion
[09/05/2025, 09:08:32] warn: Localization 2070 was not found for ios_info.plist nstemporarythirdpartyexceptionallowsinsecurehttploads
[09/05/2025, 09:08:32] warn: Localization 2070 was not found for ios_info.plist nstemporarythirdpartyexceptionminimumtlsversion
[09/05/2025, 09:08:32] warn: Localization 2070 was not found for lighttpd.conf cgi.assign
[09/05/2025, 09:08:32] warn: Localization 2070 was not found for lighttpd.conf server.dir-listing
[09/05/2025, 09:08:32] warn: Localization 2070 was not found for lighttpd.conf setenv.add-response-header
[09/05/2025, 09:08:32] warn: Localization 2070 was not found for lighttpd.conf status.config-url
[09/05/2025, 09:08:32] warn: Localization 2070 was not found for lighttpd.conf status.status-url
[09/05/2025, 09:08:32] warn: Localization 2070 was not found for lighttpd.conf webdav.is-readonly
[09/05/2025, 09:08:32] warn: Localization 2070 was not found for machine.config @debug
[09/05/2025, 09:08:32] warn: Localization 2070 was not found for machine.config @decryption
[09/05/2025, 09:08:32] warn: Localization 2070 was not found for machine.config @decryptionkey
[09/05/2025, 09:08:32] warn: Localization 2070 was not found for machine.config @passwordformat
[09/05/2025, 09:08:32] warn: Localization 2070 was not found for machine.config @retail
[09/05/2025, 09:08:32] warn: Localization 2070 was not found for machine.config @username[@processmodel]
[09/05/2025, 09:08:32] warn: Localization 2070 was not found for machine.config @validation
[09/05/2025, 09:08:32] warn: Localization 2070 was not found for machine.config @validationkey
[09/05/2025, 09:08:32] warn: Localization 2070 was not found for nginx.conf add_header
[09/05/2025, 09:08:32] warn: Localization 2070 was not found for nginx.conf add_header[inheritance]
[09/05/2025, 09:08:32] warn: Localization 2070 was not found for nginx.conf alias[traversal]
[09/05/2025, 09:08:32] warn: Localization 2070 was not found for nginx.conf autoindex
[09/05/2025, 09:08:32] warn: Localization 2070 was not found for nginx.conf error_log
[09/05/2025, 09:08:32] warn: Localization 2070 was not found for nginx.conf error_page
[09/05/2025, 09:08:32] warn: Localization 2070 was not found for nginx.conf more_set_headers
[09/05/2025, 09:08:32] warn: Localization 2070 was not found for nginx.conf proxy_set_header
[09/05/2025, 09:08:32] warn: Localization 2070 was not found for nginx.conf server_tokens
[09/05/2025, 09:08:32] warn: Localization 2070 was not found for nginx.conf ssi
[09/05/2025, 09:08:32] warn: Localization 2070 was not found for nginx.conf ssl
[09/05/2025, 09:08:32] warn: Localization 2070 was not found for nginx.conf ssl_certificate
[09/05/2025, 09:08:32] warn: Localization 2070 was not found for nginx.conf ssl_certificate_key
[09/05/2025, 09:08:32] warn: Localization 2070 was not found for nginx.conf ssl_ciphers
[09/05/2025, 09:08:32] warn: Localization 2070 was not found for nginx.conf ssl_dhparam
[09/05/2025, 09:08:32] warn: Localization 2070 was not found for nginx.conf ssl_prefer_server_ciphers
[09/05/2025, 09:08:32] warn: Localization 2070 was not found for nginx.conf ssl_protocols
[09/05/2025, 09:08:32] warn: Localization 2070 was not found for nginx.conf ssl_session_cache
[09/05/2025, 09:08:32] warn: Localization 2070 was not found for nginx.conf ssl_session_timeout
[09/05/2025, 09:08:32] warn: Localization 2070 was not found for nginx.conf ssl_stapling
[09/05/2025, 09:08:32] warn: Localization 2070 was not found for nginx.conf valid_referers
[09/05/2025, 09:08:32] warn: Localization 2070 was not found for php.ini allow_url_fopen
[09/05/2025, 09:08:32] warn: Localization 2070 was not found for php.ini allow_url_include
[09/05/2025, 09:08:32] warn: Localization 2070 was not found for php.ini assert.active
[09/05/2025, 09:08:32] warn: Localization 2070 was not found for php.ini auto_append_file
[09/05/2025, 09:08:32] warn: Localization 2070 was not found for php.ini auto_prepend_file
[09/05/2025, 09:08:32] warn: Localization 2070 was not found for php.ini cgi.fix_pathinfo
[09/05/2025, 09:08:32] warn: Localization 2070 was not found for php.ini cgi.force_redirect
[09/05/2025, 09:08:32] warn: Localization 2070 was not found for php.ini disable_functions
[09/05/2025, 09:08:32] warn: Localization 2070 was not found for php.ini display_errors
[09/05/2025, 09:08:32] warn: Localization 2070 was not found for php.ini display_startup_errors
[09/05/2025, 09:08:32] warn: Localization 2070 was not found for php.ini enable_dl
[09/05/2025, 09:08:32] warn: Localization 2070 was not found for php.ini expose_php
[09/05/2025, 09:08:32] warn: Localization 2070 was not found for php.ini log_errors
[09/05/2025, 09:08:32] warn: Localization 2070 was not found for php.ini magic_quotes_gpc
[09/05/2025, 09:08:32] warn: Localization 2070 was not found for php.ini magic_quotes_runtime
[09/05/2025, 09:08:32] warn: Localization 2070 was not found for php.ini magic_quotes_sybase
[09/05/2025, 09:08:32] warn: Localization 2070 was not found for php.ini max_execution_time
[09/05/2025, 09:08:32] warn: Localization 2070 was not found for php.ini max_input_nesting_level
[09/05/2025, 09:08:32] warn: Localization 2070 was not found for php.ini max_input_time
[09/05/2025, 09:08:32] warn: Localization 2070 was not found for php.ini memory_limit
[09/05/2025, 09:08:32] warn: Localization 2070 was not found for php.ini open_basedir
[09/05/2025, 09:08:32] warn: Localization 2070 was not found for php.ini post_max_size
[09/05/2025, 09:08:32] warn: Localization 2070 was not found for php.ini register_globals
[09/05/2025, 09:08:32] warn: Localization 2070 was not found for php.ini request_order
[09/05/2025, 09:08:32] warn: Localization 2070 was not found for php.ini safe_mode
[09/05/2025, 09:08:32] warn: Localization 2070 was not found for php.ini session.cookie_httponly
[09/05/2025, 09:08:32] warn: Localization 2070 was not found for php.ini session.cookie_lifetime
[09/05/2025, 09:08:32] warn: Localization 2070 was not found for php.ini session.cookie_secure
[09/05/2025, 09:08:32] warn: Localization 2070 was not found for php.ini session.save_path
[09/05/2025, 09:08:32] warn: Localization 2070 was not found for php.ini session.use_cookies
[09/05/2025, 09:08:32] warn: Localization 2070 was not found for php.ini session.use_only_cookies
[09/05/2025, 09:08:32] warn: Localization 2070 was not found for php.ini session.use_strict_mode
[09/05/2025, 09:08:32] warn: Localization 2070 was not found for php.ini session.use_trans_sid
[09/05/2025, 09:08:32] warn: Localization 2070 was not found for php.ini upload_max_filesize
[09/05/2025, 09:08:32] warn: Localization 2070 was not found for potential vulnerability
[09/05/2025, 09:08:32] warn: Localization 2070 was not found for server.xml_tomcat @allowtrace
[09/05/2025, 09:08:32] warn: Localization 2070 was not found for server.xml_tomcat @autodeploy
[09/05/2025, 09:08:32] warn: Localization 2070 was not found for server.xml_tomcat @clientauth
[09/05/2025, 09:08:32] warn: Localization 2070 was not found for server.xml_tomcat @connectiontimeout
[09/05/2025, 09:08:32] warn: Localization 2070 was not found for server.xml_tomcat @deployonstartup
[09/05/2025, 09:08:32] warn: Localization 2070 was not found for server.xml_tomcat @maxhttpheadersize
[09/05/2025, 09:08:32] warn: Localization 2070 was not found for server.xml_tomcat @secure
[09/05/2025, 09:08:32] warn: Localization 2070 was not found for server.xml_tomcat @shutdown
[09/05/2025, 09:08:32] warn: Localization 2070 was not found for server.xml_tomcat @xpoweredby
[09/05/2025, 09:08:32] warn: Localization 2070 was not found for server.xml_websphere @allowlogoutpageredirecttoanyhost
[09/05/2025, 09:08:32] warn: Localization 2070 was not found for server.xml_websphere @displayauthenticationrealm
[09/05/2025, 09:08:32] warn: Localization 2070 was not found for server.xml_websphere @preservefullyqualifiedreferrerurl
[09/05/2025, 09:08:32] warn: Localization 2070 was not found for standalone.xml @default-user
[09/05/2025, 09:08:32] warn: Localization 2070 was not found for standalone.xml @display-source-fragment
[09/05/2025, 09:08:32] warn: Localization 2070 was not found for standalone.xml @scan-interval
[09/05/2025, 09:08:32] warn: Localization 2070 was not found for standalone.xml @value
[09/05/2025, 09:08:32] warn: Localization 2070 was not found for standalone.xml @x-powered-by
[09/05/2025, 09:08:32] warn: Localization 2070 was not found for web.config @allowoverride
[09/05/2025, 09:08:32] warn: Localization 2070 was not found for web.config @cacherolesincookie
[09/05/2025, 09:08:32] warn: Localization 2070 was not found for web.config @certificatevalidationmode
[09/05/2025, 09:08:32] warn: Localization 2070 was not found for web.config @connectionprotection
[09/05/2025, 09:08:32] warn: Localization 2070 was not found for web.config @cookieless
[09/05/2025, 09:08:32] warn: Localization 2070 was not found for web.config @cookieprotection
[09/05/2025, 09:08:32] warn: Localization 2070 was not found for web.config @cookierequiressl
[09/05/2025, 09:08:32] warn: Localization 2070 was not found for web.config @cookieslidingexpiration
[09/05/2025, 09:08:32] warn: Localization 2070 was not found for web.config @cookietimeout
[09/05/2025, 09:08:32] warn: Localization 2070 was not found for web.config @createpersistentcookie
[09/05/2025, 09:08:32] warn: Localization 2070 was not found for web.config @debug
[09/05/2025, 09:08:32] warn: Localization 2070 was not found for web.config @decryptionkey
[09/05/2025, 09:08:32] warn: Localization 2070 was not found for web.config @enablecrossappredirects
[09/05/2025, 09:08:32] warn: Localization 2070 was not found for web.config @enabled
[09/05/2025, 09:08:32] warn: Localization 2070 was not found for web.config @enabled[directorybrowse]
[09/05/2025, 09:08:32] warn: Localization 2070 was not found for web.config @enableeventvalidation
[09/05/2025, 09:08:32] warn: Localization 2070 was not found for web.config @enableheaderchecking
[09/05/2025, 09:08:32] warn: Localization 2070 was not found for web.config @enableversionheader
[09/05/2025, 09:08:32] warn: Localization 2070 was not found for web.config @enableviewstatemac
[09/05/2025, 09:08:32] warn: Localization 2070 was not found for web.config @httponlycookies
[09/05/2025, 09:08:32] warn: Localization 2070 was not found for web.config @level
[09/05/2025, 09:08:32] warn: Localization 2070 was not found for web.config @maxeventdetaillength
[09/05/2025, 09:08:32] warn: Localization 2070 was not found for web.config @maxeventlengthforsimplemessage
[09/05/2025, 09:08:32] warn: Localization 2070 was not found for web.config @maxrequestlength
[09/05/2025, 09:08:32] warn: Localization 2070 was not found for web.config @maxsizeforsimplemessage
[09/05/2025, 09:08:32] warn: Localization 2070 was not found for web.config @minrequirednonalphanumericcharacters
[09/05/2025, 09:08:32] warn: Localization 2070 was not found for web.config @minrequiredpasswordlength
[09/05/2025, 09:08:32] warn: Localization 2070 was not found for web.config @mode
[09/05/2025, 09:08:32] warn: Localization 2070 was not found for web.config @name[@credentials]
[09/05/2025, 09:08:32] warn: Localization 2070 was not found for web.config @passwordformat
[09/05/2025, 09:08:32] warn: Localization 2070 was not found for web.config @protection
[09/05/2025, 09:08:32] warn: Localization 2070 was not found for web.config @requestvalidationmode
[09/05/2025, 09:08:32] warn: Localization 2070 was not found for web.config @requiressl
[09/05/2025, 09:08:32] warn: Localization 2070 was not found for web.config @requiressl[@authentication]
[09/05/2025, 09:08:32] warn: Localization 2070 was not found for web.config @slidingexpiration
[09/05/2025, 09:08:32] warn: Localization 2070 was not found for web.config @statuscode
[09/05/2025, 09:08:32] warn: Localization 2070 was not found for web.config @timeout
[09/05/2025, 09:08:32] warn: Localization 2070 was not found for web.config @type
[09/05/2025, 09:08:32] warn: Localization 2070 was not found for web.config @username[@identity]
[09/05/2025, 09:08:32] warn: Localization 2070 was not found for web.config @users
[09/05/2025, 09:08:32] warn: Localization 2070 was not found for web.config @useunsafeheaderparsing
[09/05/2025, 09:08:32] warn: Localization 2070 was not found for web.config @validaterequest
[09/05/2025, 09:08:32] warn: Localization 2070 was not found for web.config @validation
[09/05/2025, 09:08:32] warn: Localization 2070 was not found for web.config @validationkey
[09/05/2025, 09:08:32] warn: Localization 2070 was not found for web.config @value
[09/05/2025, 09:08:32] warn: Localization 2070 was not found for web.config @value[@accesscontrolalloworiginheader]
[09/05/2025, 09:08:32] warn: Localization 2070 was not found for web.config @value[@aspnetcore_environment]
[09/05/2025, 09:08:32] warn: Localization 2070 was not found for web.config @value[uselegacyencryption]
[09/05/2025, 09:08:32] warn: Localization 2070 was not found for web.config @value[x-frame-options]
[09/05/2025, 09:08:32] warn: Localization 2070 was not found for web.config @viewstateencryptionmode
[09/05/2025, 09:08:32] warn: Localization 2070 was not found for web.config ciphervalue[@sessionstate]
[09/05/2025, 09:08:32] warn: Localization 2070 was not found for web.config remove/@name[documentation]
[09/05/2025, 09:08:32] warn: Localization 2070 was not found for web.config remove/@name[x-powered-by]
[09/05/2025, 09:08:32] warn: Localization 2070 was not found for web.xml error-code
[09/05/2025, 09:08:32] warn: Localization 2070 was not found for web.xml http-method
[09/05/2025, 09:08:32] warn: Localization 2070 was not found for web.xml http-only
[09/05/2025, 09:08:32] warn: Localization 2070 was not found for web.xml param-value
[09/05/2025, 09:08:32] warn: Localization 2070 was not found for web.xml secure
[09/05/2025, 09:08:32] warn: Localization 2070 was not found for web.xml session-timeout
[09/05/2025, 09:08:32] warn: Localization 2070 was not found for web.xml tracking-mode
[09/05/2025, 09:08:32] warn: Localization 2070 was not found for web.xml transport-guarantee
[09/05/2025, 09:08:32] info: Clean up logs files was started
[09/05/2025, 09:08:32] info: Clean up logs files was finished
